app/build/intermediates/manifest_merge_blame_file/debug/processDebugMainManifest/manifest-merger-blame-debug-report.txt
1<?xml version="1.0" encoding="utf-8"?>
2<manifest xmlns:android="http://schemas.android.com/apk/res/android"
3    package="com.petro.smsapp"
4    android:versionCode="1"
5    android:versionName="1.0" >
6
7    <uses-sdk
8        android:minSdkVersion="24"
9        android:targetSdkVersion="34" />
10
11    <!-- پرمیشن‌های لازم برای اپ پیامک -->
12    <uses-permission android:name="android.permission.SEND_SMS" />
12-->src\main\AndroidManifest.xml:6:5-67
12-->src\main\AndroidManifest.xml:6:22-64
13    <uses-permission android:name="android.permission.RECEIVE_SMS" />
13-->src\main\AndroidManifest.xml:7:5-70
13-->src\main\AndroidManifest.xml:7:22-67
14    <uses-permission android:name="android.permission.READ_SMS" />
14-->src\main\AndroidManifest.xml:8:5-67
14-->src\main\AndroidManifest.xml:8:22-64
15    <uses-permission android:name="android.permission.WRITE_SMS" />
15-->src\main\AndroidManifest.xml:9:5-68
15-->src\main\AndroidManifest.xml:9:22-65
16    <uses-permission android:name="android.permission.RECEIVE_MMS" />
16-->src\main\AndroidManifest.xml:10:5-70
16-->src\main\AndroidManifest.xml:10:22-67
17    <uses-permission android:name="android.permission.RECEIVE_WAP_PUSH" />
17-->src\main\AndroidManifest.xml:11:5-75
17-->src\main\AndroidManifest.xml:11:22-72
18    <uses-permission android:name="android.permission.READ_CONTACTS" />
18-->src\main\AndroidManifest.xml:12:5-72
18-->src\main\AndroidManifest.xml:12:22-69
19    <uses-permission android:name="android.permission.READ_PHONE_STATE" />
19-->src\main\AndroidManifest.xml:13:5-75
19-->src\main\AndroidManifest.xml:13:22-72
20    <uses-permission android:name="android.permission.POST_NOTIFICATIONS" />
20-->src\main\AndroidManifest.xml:14:5-77
20-->src\main\AndroidManifest.xml:14:22-74
21
22    <uses-feature
22-->src\main\AndroidManifest.xml:15:5-17:35
23        android:name="android.hardware.telephony"
23-->src\main\AndroidManifest.xml:16:9-50
24        android:required="true" />
24-->src\main\AndroidManifest.xml:17:9-32
25
26    <permission
26-->[androidx.core:core:1.13.1] AndroidManifest.xml:22:5-24:47
27        android:name="com.petro.smsapp.DYNAMIC_RECEIVER_NOT_EXPORTED_PERMISSION"
27-->[androidx.core:core:1.13.1] AndroidManifest.xml:23:9-81
28        android:protectionLevel="signature" />
28-->[androidx.core:core:1.13.1] AndroidManifest.xml:24:9-44
29
30    <uses-permission android:name="com.petro.smsapp.DYNAMIC_RECEIVER_NOT_EXPORTED_PERMISSION" />
30-->[androidx.core:core:1.13.1] AndroidManifest.xml:26:5-97
30-->[androidx.core:core:1.13.1] AndroidManifest.xml:26:22-94
31
32    <application
32-->src\main\AndroidManifest.xml:18:5-84:19
33        android:name="com.petro.smsapp.SmsApplication"
33-->src\main\AndroidManifest.xml:19:9-39
34        android:allowBackup="true"
34-->src\main\AndroidManifest.xml:20:9-35
35        android:appComponentFactory="androidx.core.app.CoreComponentFactory"
35-->[androidx.core:core:1.13.1] AndroidManifest.xml:28:18-86
36        android:debuggable="true"
37        android:extractNativeLibs="false"
38        android:icon="@mipmap/ic_launcher"
38-->src\main\AndroidManifest.xml:21:9-43
39        android:label="@string/app_name"
39-->src\main\AndroidManifest.xml:22:9-41
40        android:supportsRtl="true"
40-->src\main\AndroidManifest.xml:23:9-35
41        android:testOnly="true"
42        android:theme="@style/Theme.SmsApp" >
42-->src\main\AndroidManifest.xml:24:9-44
43        <activity
43-->src\main\AndroidManifest.xml:26:9-48:20
44            android:name="com.petro.smsapp.MainActivity"
44-->src\main\AndroidManifest.xml:27:13-41
45            android:exported="true"
45-->src\main\AndroidManifest.xml:28:13-36
46            android:launchMode="singleTop"
46-->src\main\AndroidManifest.xml:29:13-43
47            android:theme="@style/Theme.SmsApp" >
47-->src\main\AndroidManifest.xml:30:13-48
48            <intent-filter>
48-->src\main\AndroidManifest.xml:31:13-34:29
49                <action android:name="android.intent.action.MAIN" />
49-->src\main\AndroidManifest.xml:32:17-69
49-->src\main\AndroidManifest.xml:32:25-66
50
51                <category android:name="android.intent.category.LAUNCHER" />
51-->src\main\AndroidManifest.xml:33:17-77
51-->src\main\AndroidManifest.xml:33:27-74
52            </intent-filter>
53
54            <!-- برای هندل کردن ارسال پیامک از اپ‌های دیگه (share/sendto) -->
55            <intent-filter>
55-->src\main\AndroidManifest.xml:37:13-42:29
56                <action android:name="android.intent.action.SENDTO" />
56-->src\main\AndroidManifest.xml:38:17-71
56-->src\main\AndroidManifest.xml:38:25-68
57
58                <category android:name="android.intent.category.DEFAULT" />
58-->src\main\AndroidManifest.xml:39:17-76
58-->src\main\AndroidManifest.xml:39:27-73
59
60                <data android:scheme="sms" />
60-->src\main\AndroidManifest.xml:40:17-46
60-->src\main\AndroidManifest.xml:40:23-43
61                <data android:scheme="smsto" />
61-->src\main\AndroidManifest.xml:40:17-46
61-->src\main\AndroidManifest.xml:40:23-43
62            </intent-filter>
63            <intent-filter>
63-->src\main\AndroidManifest.xml:43:13-47:29
64                <action android:name="android.intent.action.SEND" />
64-->src\main\AndroidManifest.xml:44:17-69
64-->src\main\AndroidManifest.xml:44:25-66
65
66                <category android:name="android.intent.category.DEFAULT" />
66-->src\main\AndroidManifest.xml:39:17-76
66-->src\main\AndroidManifest.xml:39:27-73
67
68                <data android:mimeType="text/plain" />
68-->src\main\AndroidManifest.xml:40:17-46
68-->src\main\AndroidManifest.xml:46:23-52
69            </intent-filter>
70        </activity>
71
72        <!-- دریافت پیامک‌های ورودی - اجباری برای اپ پیش‌فرض -->
73        <receiver
73-->src\main\AndroidManifest.xml:51:9-58:20
74            android:name="com.petro.smsapp.receiver.SmsDeliverReceiver"
74-->src\main\AndroidManifest.xml:52:13-56
75            android:exported="true"
75-->src\main\AndroidManifest.xml:53:13-36
76            android:permission="android.permission.BROADCAST_SMS" >
76-->src\main\AndroidManifest.xml:54:13-66
77            <intent-filter>
77-->src\main\AndroidManifest.xml:55:13-57:29
78                <action android:name="android.provider.Telephony.SMS_DELIVER" />
78-->src\main\AndroidManifest.xml:56:17-81
78-->src\main\AndroidManifest.xml:56:25-78
79            </intent-filter>
80        </receiver>
81
82        <!-- دریافت MMS - اجباری برای اپ پیش‌فرض -->
83        <receiver
83-->src\main\AndroidManifest.xml:61:9-69:20
84            android:name="com.petro.smsapp.receiver.MmsReceiver"
84-->src\main\AndroidManifest.xml:62:13-49
85            android:exported="true"
85-->src\main\AndroidManifest.xml:63:13-36
86            android:permission="android.permission.BROADCAST_WAP_PUSH" >
86-->src\main\AndroidManifest.xml:64:13-71
87            <intent-filter>
87-->src\main\AndroidManifest.xml:65:13-68:29
88                <action android:name="android.provider.Telephony.WAP_PUSH_DELIVER" />
88-->src\main\AndroidManifest.xml:66:17-86
88-->src\main\AndroidManifest.xml:66:25-83
89
90                <data android:mimeType="application/vnd.wap.mms-message" />
90-->src\main\AndroidManifest.xml:40:17-46
90-->src\main\AndroidManifest.xml:46:23-52
91            </intent-filter>
92        </receiver>
93
94        <!-- پاسخ سریع بدون باز کردن اپ (Respond via Message) - اجباری -->
95        <service
95-->src\main\AndroidManifest.xml:72:9-82:19
96            android:name="com.petro.smsapp.service.HeadlessSmsSendService"
96-->src\main\AndroidManifest.xml:73:13-59
97            android:exported="true"
97-->src\main\AndroidManifest.xml:74:13-36
98            android:permission="android.permission.SEND_RESPOND_VIA_MESSAGE" >
98-->src\main\AndroidManifest.xml:75:13-77
99            <intent-filter>
99-->src\main\AndroidManifest.xml:76:13-81:29
100                <action android:name="android.intent.action.RESPOND_VIA_MESSAGE" />
100-->src\main\AndroidManifest.xml:77:17-84
100-->src\main\AndroidManifest.xml:77:25-81
101
102                <category android:name="android.intent.category.DEFAULT" />
102-->src\main\AndroidManifest.xml:39:17-76
102-->src\main\AndroidManifest.xml:39:27-73
103
104                <data android:scheme="sms" />
104-->src\main\AndroidManifest.xml:40:17-46
104-->src\main\AndroidManifest.xml:40:23-43
105                <data android:scheme="smsto" />
105-->src\main\AndroidManifest.xml:40:17-46
105-->src\main\AndroidManifest.xml:40:23-43
106            </intent-filter>
107        </service>
108
109        <activity
109-->[androidx.compose.ui:ui-tooling-android:1.6.8] AndroidManifest.xml:23:9-25:39
110            android:name="androidx.compose.ui.tooling.PreviewActivity"
110-->[androidx.compose.ui:ui-tooling-android:1.6.8] AndroidManifest.xml:24:13-71
111            android:exported="true" />
111-->[androidx.compose.ui:ui-tooling-android:1.6.8] AndroidManifest.xml:25:13-36
112
113        <provider
113-->[androidx.emoji2:emoji2:1.3.0] AndroidManifest.xml:24:9-32:20
114            android:name="androidx.startup.InitializationProvider"
114-->[androidx.emoji2:emoji2:1.3.0] AndroidManifest.xml:25:13-67
115            android:authorities="com.petro.smsapp.androidx-startup"
115-->[androidx.emoji2:emoji2:1.3.0] AndroidManifest.xml:26:13-68
116            android:exported="false" >
116-->[androidx.emoji2:emoji2:1.3.0] AndroidManifest.xml:27:13-37
117            <meta-data
117-->[androidx.emoji2:emoji2:1.3.0] AndroidManifest.xml:29:13-31:52
118                android:name="androidx.emoji2.text.EmojiCompatInitializer"
118-->[androidx.emoji2:emoji2:1.3.0] AndroidManifest.xml:30:17-75
119                android:value="androidx.startup" />
119-->[androidx.emoji2:emoji2:1.3.0] AndroidManifest.xml:31:17-49
120            <meta-data
120-->[androidx.lifecycle:lifecycle-process:2.8.2] AndroidManifest.xml:29:13-31:52
121                android:name="androidx.lifecycle.ProcessLifecycleInitializer"
121-->[androidx.lifecycle:lifecycle-process:2.8.2] AndroidManifest.xml:30:17-78
122                android:value="androidx.startup" />
122-->[androidx.lifecycle:lifecycle-process:2.8.2] AndroidManifest.xml:31:17-49
123            <meta-data
123-->[androidx.profileinstaller:profileinstaller:1.3.1] AndroidManifest.xml:29:13-31:52
124                android:name="androidx.profileinstaller.ProfileInstallerInitializer"
124-->[androidx.profileinstaller:profileinstaller:1.3.1] AndroidManifest.xml:30:17-85
125                android:value="androidx.startup" />
125-->[androidx.profileinstaller:profileinstaller:1.3.1] AndroidManifest.xml:31:17-49
126        </provider>
127
128        <receiver
128-->[androidx.profileinstaller:profileinstaller:1.3.1] AndroidManifest.xml:34:9-52:20
129            android:name="androidx.profileinstaller.ProfileInstallReceiver"
129-->[androidx.profileinstaller:profileinstaller:1.3.1] AndroidManifest.xml:35:13-76
130            android:directBootAware="false"
130-->[androidx.profileinstaller:profileinstaller:1.3.1] AndroidManifest.xml:36:13-44
131            android:enabled="true"
131-->[androidx.profileinstaller:profileinstaller:1.3.1] AndroidManifest.xml:37:13-35
132            android:exported="true"
132-->[androidx.profileinstaller:profileinstaller:1.3.1] AndroidManifest.xml:38:13-36
133            android:permission="android.permission.DUMP" >
133-->[androidx.profileinstaller:profileinstaller:1.3.1] AndroidManifest.xml:39:13-57
134            <intent-filter>
134-->[androidx.profileinstaller:profileinstaller:1.3.1] AndroidManifest.xml:40:13-42:29
135                <action android:name="androidx.profileinstaller.action.INSTALL_PROFILE" />
135-->[androidx.profileinstaller:profileinstaller:1.3.1] AndroidManifest.xml:41:17-91
135-->[androidx.profileinstaller:profileinstaller:1.3.1] AndroidManifest.xml:41:25-88
136            </intent-filter>
137            <intent-filter>
137-->[androidx.profileinstaller:profileinstaller:1.3.1] AndroidManifest.xml:43:13-45:29
138                <action android:name="androidx.profileinstaller.action.SKIP_FILE" />
138-->[androidx.profileinstaller:profileinstaller:1.3.1] AndroidManifest.xml:44:17-85
138-->[androidx.profileinstaller:profileinstaller:1.3.1] AndroidManifest.xml:44:25-82
139            </intent-filter>
140            <intent-filter>
140-->[androidx.profileinstaller:profileinstaller:1.3.1] AndroidManifest.xml:46:13-48:29
141                <action android:name="androidx.profileinstaller.action.SAVE_PROFILE" />
141-->[androidx.profileinstaller:profileinstaller:1.3.1] AndroidManifest.xml:47:17-88
141-->[androidx.profileinstaller:profileinstaller:1.3.1] AndroidManifest.xml:47:25-85
142            </intent-filter>
143            <intent-filter>
143-->[androidx.profileinstaller:profileinstaller:1.3.1] AndroidManifest.xml:49:13-51:29
144                <action android:name="androidx.profileinstaller.action.BENCHMARK_OPERATION" />
144-->[androidx.profileinstaller:profileinstaller:1.3.1] AndroidManifest.xml:50:17-95
144-->[androidx.profileinstaller:profileinstaller:1.3.1] AndroidManifest.xml:50:25-92
145            </intent-filter>
146        </receiver>
147    </application>
148
149</manifest>